g:\=====repositories====\amplifyengine\temp_files\release\vc120.pdb
g:\=====repositories====\amplifyengine\temp_files\release\levelsystem.obj
g:\=====repositories====\amplifyengine\temp_files\release\main.obj
g:\=====repositories====\amplifyengine\temp_files\release\window.obj
g:\=====repositories====\amplifyengine\temp_files\release\vec4.obj
g:\=====repositories====\amplifyengine\temp_files\release\vec3.obj
g:\=====repositories====\amplifyengine\temp_files\release\vec2.obj
g:\=====repositories====\amplifyengine\temp_files\release\mat4.obj
g:\=====repositories====\amplifyengine\temp_files\release\luascript.obj
g:\=====repositories====\amplifyengine\temp_files\release\vertexarray.obj
g:\=====repositories====\amplifyengine\temp_files\release\shader.obj
g:\=====repositories====\amplifyengine\temp_files\release\indexbuffer.obj
g:\=====repositories====\amplifyengine\temp_files\release\buffer.obj
g:\=====repositories====\amplifyengine\temp_files\release\npccomponent.obj
g:\=====repositories====\amplifyengine\temp_files\release\textcomponent.obj
g:\=====repositories====\amplifyengine\temp_files\release\menucomponent.obj
g:\=====repositories====\amplifyengine\temp_files\release\luahelperfunctions.obj
g:\=====repositories====\amplifyengine\temp_files\release\levelcomponent.obj
g:\=====repositories====\amplifyengine\temp_files\release\graphicscomponent.obj
g:\=====repositories====\amplifyengine\temp_files\release\entity.obj
g:\=====repositories====\amplifyengine\temp_files\release\component.obj
g:\=====repositories====\amplifyengine\temp_files\release\mainsystem.obj
g:\=====repositories====\amplifyengine\temp_files\release\renderingsystem.obj
g:\=====repositories====\amplifyengine\temp_files\release\movementsystem.obj
g:\=====repositories====\amplifyengine\temp_files\release\inputsystem.obj
g:\=====repositories====\amplifyengine\temp_files\release\gameloopsystem.obj
g:\=====repositories====\amplifyengine\temp_files\release\entitysystem.obj
g:\=====repositories====\amplifyengine\temp_files\release\collisionsystem.obj
g:\=====repositories====\amplifyengine\temp_files\release\scenemanager.obj
d:\===repositories===\amplifyengine\temp_files\release\vc120.pdb
d:\===repositories===\amplifyengine\temp_files\release\levelsystem.obj
d:\===repositories===\amplifyengine\temp_files\release\window.obj
d:\===repositories===\amplifyengine\temp_files\release\vec4.obj
d:\===repositories===\amplifyengine\temp_files\release\vec3.obj
d:\===repositories===\amplifyengine\temp_files\release\vec2.obj
d:\===repositories===\amplifyengine\temp_files\release\mat4.obj
d:\===repositories===\amplifyengine\temp_files\release\luascript.obj
d:\===repositories===\amplifyengine\temp_files\release\vertexarray.obj
d:\===repositories===\amplifyengine\temp_files\release\shader.obj
d:\===repositories===\amplifyengine\temp_files\release\indexbuffer.obj
d:\===repositories===\amplifyengine\temp_files\release\buffer.obj
d:\===repositories===\amplifyengine\temp_files\release\npccomponent.obj
d:\===repositories===\amplifyengine\temp_files\release\menucomponent.obj
d:\===repositories===\amplifyengine\temp_files\release\luahelperfunctions.obj
d:\===repositories===\amplifyengine\temp_files\release\levelcomponent.obj
d:\===repositories===\amplifyengine\temp_files\release\graphicscomponent.obj
d:\===repositories===\amplifyengine\temp_files\release\entity.obj
d:\===repositories===\amplifyengine\temp_files\release\component.obj
d:\===repositories===\amplifyengine\temp_files\release\movementsystem.obj
d:\===repositories===\amplifyengine\temp_files\release\entitysystem.obj
d:\===repositories===\amplifyengine\temp_files\release\renderingsystem.obj
d:\===repositories===\amplifyengine\temp_files\release\collisionsystem.obj
d:\===repositories===\amplifyengine\temp_files\release\textcomponent.obj
g:\=====repositories====\amplifyengine\bin\release\amplify.exe
g:\=====repositories====\amplifyengine\bin\release\amplify.pdb
d:\===repositories===\amplifyengine\\bin\release\amplify.pdb
d:\===repositories===\amplifyengine\\bin\release\amplify.exe
d:\===repositories===\amplifyengine\temp_files\release\amplify.tlog\cl.command.1.tlog
d:\===repositories===\amplifyengine\temp_files\release\amplify.tlog\cl.read.1.tlog
d:\===repositories===\amplifyengine\temp_files\release\amplify.tlog\cl.write.1.tlog
d:\===repositories===\amplifyengine\temp_files\release\amplify.tlog\link.command.1.tlog
d:\===repositories===\amplifyengine\temp_files\release\amplify.tlog\link.read.1.tlog
d:\===repositories===\amplifyengine\temp_files\release\amplify.tlog\link.write.1.tlog
